[debug] [2021-04-08T08:29:12.941Z] ----------------------------------------------------------------------
[debug] [2021-04-08T08:29:12.950Z] Command:       C:\Program Files\nodejs\node.exe C:\Users\user\AppData\Roaming\npm\node_modules\firebase-tools\lib\bin\firebase.js init
[debug] [2021-04-08T08:29:12.951Z] CLI Version:   9.6.1
[debug] [2021-04-08T08:29:12.952Z] Platform:      win32
[debug] [2021-04-08T08:29:12.952Z] Node Version:  v14.16.0
[debug] [2021-04-08T08:29:12.956Z] Time:          Thu Apr 08 2021 14:14:12 GMT+0545 (Nepal Time)
[debug] [2021-04-08T08:29:12.956Z] ----------------------------------------------------------------------
[debug] [2021-04-08T08:29:12.957Z] 
[debug] [2021-04-08T08:29:13.000Z] >>> [apiv2][query] GET https://firebase-public.firebaseio.com/cli.json [none]
[debug] [2021-04-08T08:29:13.078Z] > command requires scopes: ["email","openid","https://www.googleapis.com/auth/cloudplatformprojects.readonly","https://www.googleapis.com/auth/firebase","https://www.googleapis.com/auth/cloud-platform"]
[debug] [2021-04-08T08:29:13.079Z] > authorizing via signed-in user
[info] 
     ######## #### ########  ######## ########     ###     ######  ########
     ##        ##  ##     ## ##       ##     ##  ##   ##  ##       ##
     ######    ##  ########  ######   ########  #########  ######  ######
     ##        ##  ##    ##  ##       ##     ## ##     ##       ## ##
     ##       #### ##     ## ######## ########  ##     ##  ######  ########

You're about to initialize a Firebase project in this directory:

  C:\Users\user

Before we get started, keep in mind:

  * You are initializing in an existing Firebase project directory

[debug] [2021-04-08T08:29:14.436Z] <<< [apiv2][status] GET https://firebase-public.firebaseio.com/cli.json 200
[debug] [2021-04-08T08:29:14.437Z] <<< [apiv2][body] GET https://firebase-public.firebaseio.com/cli.json {"cloudBuildErrorAfter":1594252800000,"cloudBuildWarnAfter":1590019200000,"defaultNode10After":1594252800000,"minVersion":"3.0.5","node8DeploysDisabledAfter":1613390400000,"node8RuntimeDisabledAfter":1615809600000,"node8WarnAfter":1600128000000}
[info] 
=== Project Setup
[info] 
[info] First, let's associate this project directory with a Firebase project.
[info] You can create multiple project aliases by running firebase use --add, 
[info] but for now we'll just set up a default project.
[info] 
[info] i  .firebaserc already has a default project, using mahaboob-alam-100d2. 
[debug] [2021-04-08T08:29:20.226Z] > refreshing access token with scopes: []
[debug] [2021-04-08T08:29:20.227Z] >>> HTTP REQUEST POST https://www.googleapis.com/oauth2/v3/token  
 <request body omitted>
[debug] [2021-04-08T08:29:20.744Z] <<< HTTP RESPONSE 200 {"date":"Thu, 08 Apr 2021 08:29:21 GMT","pragma":"no-cache","cache-control":"no-cache, no-store, max-age=0, must-revalidate","expires":"Mon, 01 Jan 1990 00:00:00 GMT","content-type":"application/json; charset=utf-8","vary":"X-Origin, Referer, Origin,Accept-Encoding","server":"scaffolding on HTTPServer2","x-xss-protection":"0","x-frame-options":"SAMEORIGIN","x-content-type-options":"nosniff","alt-svc":"h3-29=\":443\"; ma=2592000,h3-T051=\":443\"; ma=2592000,h3-Q050=\":443\"; ma=2592000,h3-Q046=\":443\"; ma=2592000,h3-Q043=\":443\"; ma=2592000,quic=\":443\"; ma=2592000; v=\"46,43\"","accept-ranges":"none","transfer-encoding":"chunked"}
[debug] [2021-04-08T08:29:21.262Z] >>> [apiv2][query] GET https://firebase.googleapis.com/v1beta1/projects/mahaboob-alam-100d2 [none]
[debug] [2021-04-08T08:29:21.829Z] <<< [apiv2][status] GET https://firebase.googleapis.com/v1beta1/projects/mahaboob-alam-100d2 200
[debug] [2021-04-08T08:29:21.830Z] <<< [apiv2][body] GET https://firebase.googleapis.com/v1beta1/projects/mahaboob-alam-100d2 {"projectId":"mahaboob-alam-100d2","projectNumber":"873192399837","displayName":"mahaboob-alam","name":"projects/mahaboob-alam-100d2","resources":{"hostingSite":"mahaboob-alam-100d2"},"state":"DELETED"}
[info] 
=== Hosting Setup
[info] 
[info] Your public directory is the folder (relative to your project directory) that
[info] will contain Hosting assets to be uploaded with firebase deploy. If you
[info] have a build process for your assets, use your build's output directory.
[info] 
